2016-02-10 18:02:39 - MOD: Modification Default
FILE: system/engine/action.php
REGEX: ~(require|include)(_once)?\(([^)]+)~
LINE: 39
FILE: system/engine/loader.php
REGEX: ~(require|include)(_once)?\(([^)]+)~
LINE: 20
LINE: 59
LINE: 80
LINE: 99
FILE: system/library/config.php
REGEX: ~(require|include)(_once)?\(([^)]+)~
LINE: 23
FILE: system/library/language.php
REGEX: ~(require|include)(_once)?\(([^)]+)~
LINE: 25
LINE: 31
----------------------------------------------------------------
MOD: Tweak for OpenCart 2x Russkaya sborka
FILE: admin/view/template/common/header.tpl
CODE: <?php foreach ($links as $link) { ?>
LINE: 41
CODE: <script type="text/javascript" src="view/javascript/summernote/summernote.js"></script>
LINE: 18
CODE: <li><a href="http://www.opencart.com" target="_blank"><?php echo $text_homepage; ?></a></li>
LINE: 96
CODE: <li><a href="http://docs.opencart.com" target="_blank"><?php echo $text_documentation; ?></a></li>
LINE: 99
CODE: <li><a href="http://forum.opencart.com" target="_blank"><?php echo $text_support; ?></a></li>
LINE: 102
FILE: admin/view/template/catalog/product_form.tpl
CODE: <label class="col-sm-2 control-label" for="input-sku"><span data-toggle="tooltip" title="<?php echo $help_sku; ?>"><?php echo $entry_sku; ?></span></label>
LINE: 116
CODE: <label class="col-sm-2 control-label" for="input-sku">
LINE: 122
CODE: <label class="col-sm-2 control-label" for="input-location"><?php echo $entry_location; ?></label>
LINE: 162
CODE: <input type="text" name="model" value="<?php echo $model; ?>" placeholder="<?php echo $entry_model; ?>" id="input-model" class="form-control" />
LINE: 108
FILE: admin/view/template/common/menu.tpl
CODE: <li><a href="<?php echo $analytics; ?>"><?php echo $text_analytics; ?></a></li>
LINE: 25
CODE: <li><a href="<?php echo $total; ?>"><?php echo $text_total; ?></a></li>
LINE: 36
FILE: admin/model/catalog/category.php
CODE: if (isset($data['keyword'])) {
LINE: 49
FILE: admin/controller/tool/backup.php
CODE: $data['entry_backup'] = $this->language->get('entry_backup');
LINE: 38
FILE: admin/view/template/design/banner_form.tpl
CODE: html += '  <td class="text-right" style="width: 10%;><input type="text" name="banner_image[' + image_row + '][sort_order]" value="" placeholder="<?php echo $entry_sort_order; ?>" class="form-control" /></td>';
LINE: 126
----------------------------------------------------------------
2016-02-10 18:04:42 - MOD: Modification Default
FILE: system/engine/action.php
REGEX: ~(require|include)(_once)?\(([^)]+)~
LINE: 39
FILE: system/engine/loader.php
REGEX: ~(require|include)(_once)?\(([^)]+)~
LINE: 20
LINE: 59
LINE: 80
LINE: 99
FILE: system/library/config.php
REGEX: ~(require|include)(_once)?\(([^)]+)~
LINE: 23
FILE: system/library/language.php
REGEX: ~(require|include)(_once)?\(([^)]+)~
LINE: 25
LINE: 31
----------------------------------------------------------------
MOD: Tweak for OpenCart 2x Russkaya sborka
FILE: admin/view/template/common/header.tpl
CODE: <?php foreach ($links as $link) { ?>
LINE: 41
CODE: <script type="text/javascript" src="view/javascript/summernote/summernote.js"></script>
LINE: 18
CODE: <li><a href="http://www.opencart.com" target="_blank"><?php echo $text_homepage; ?></a></li>
LINE: 96
CODE: <li><a href="http://docs.opencart.com" target="_blank"><?php echo $text_documentation; ?></a></li>
LINE: 99
CODE: <li><a href="http://forum.opencart.com" target="_blank"><?php echo $text_support; ?></a></li>
LINE: 102
FILE: admin/view/template/catalog/product_form.tpl
CODE: <label class="col-sm-2 control-label" for="input-sku"><span data-toggle="tooltip" title="<?php echo $help_sku; ?>"><?php echo $entry_sku; ?></span></label>
LINE: 116
CODE: <label class="col-sm-2 control-label" for="input-sku">
LINE: 122
CODE: <label class="col-sm-2 control-label" for="input-location"><?php echo $entry_location; ?></label>
LINE: 162
CODE: <input type="text" name="model" value="<?php echo $model; ?>" placeholder="<?php echo $entry_model; ?>" id="input-model" class="form-control" />
LINE: 108
FILE: admin/view/template/common/menu.tpl
CODE: <li><a href="<?php echo $analytics; ?>"><?php echo $text_analytics; ?></a></li>
LINE: 25
CODE: <li><a href="<?php echo $total; ?>"><?php echo $text_total; ?></a></li>
LINE: 36
FILE: admin/model/catalog/category.php
CODE: if (isset($data['keyword'])) {
LINE: 49
FILE: admin/controller/tool/backup.php
CODE: $data['entry_backup'] = $this->language->get('entry_backup');
LINE: 38
FILE: admin/view/template/design/banner_form.tpl
CODE: html += '  <td class="text-right" style="width: 10%;><input type="text" name="banner_image[' + image_row + '][sort_order]" value="" placeholder="<?php echo $entry_sort_order; ?>" class="form-control" /></td>';
LINE: 126
----------------------------------------------------------------
MOD: Easy Blog Simple for oc2011+
FILE: admin/controller/common/menu.php
CODE: return $this->load->view('common/menu.tpl', $data);
LINE: 213
CODE: <li id="system"><a class="parent"><i class="fa fa-cog fa-fw"></i> <span><?php echo $text_system; ?></span></a>
LINE: 133
FILE: catalog/view/theme/default/template/common/footer.tpl
CODE: <?php foreach ($informations as $information) { ?>
LINE: 9
FILE: catalog/controller/common/footer.php
CODE: $data['informations'] = array();
LINE: 47
----------------------------------------------------------------
